100000
100000
100000
100000
100000
100000
100000
100000
100000
100000
200000
200000
200000
200000
200000
200000
200000
200000
200000
200000
300000
300000
300000
300000
300000
300000
300000
300000
300000
300000
400000
400000
400000
400000
400000
400000
400000
400000
400000
400000
500000
500000
500000
500000
500000
500000
500000
500000
500000
500000
600000
600000
600000
600000
600000
600000
600000
600000
600000
600000
700000
700000
700000
700000
700000
700000
700000
700000
700000
700000
800000
800000
800000
800000
800000
800000
800000
800000
800000
800000
900000
900000
900000
900000
900000
900000
900000
900000
900000
900000
1000000
1000000
1000000
1000000
1000000
1000000
1000000
1000000
1000000
1000000
1100000
1100000
1100000
1100000
1100000
1100000
1100000
1100000
1100000
1100000
1200000
1200000
1200000
1200000
1200000
1200000
1200000
1200000
1200000
1200000
1300000
1300000
1300000
1300000
1300000
1300000
1300000
1300000
1300000
1300000
1400000
1400000
1400000
1400000
1400000
1400000
1400000
1400000
1400000
1500000
1500000
1400000
1500000
1500000
1500000
1500000
1500000
1600000
1500000
1600000
1500000
1500000
1600000
1600000
1600000
1600000
1600000
1700000
1600000
1700000
1600000
1700000
1600000
1700000
1700000
1700000
1700000
1700000
1800000
1800000
1800000
1700000
1800000
1800000
1700000
1800000
1800000
1800000
1900000
1900000
1900000
1800000
1900000
1900000
2000000
1900000
2000000
2000000
1900000
2000000
2100000
2000000
2100000
2000000
2100000
2100000
2000000
2200000
2100000
2200000
2200000
2100000
2200000
2100000
2200000
2300000
2300000
2200000
2300000
2200000
2300000
2300000
2400000
2400000
2300000
2400000
2300000
2400000
2400000
2500000
2500000
2400000
2500000
2500000
2400000
2500000
2600000
2600000
2500000
2600000
2600000
2600000
2500000
2700000
2600000
2700000
2700000
2600000
2700000
2700000
2800000
2800000
2800000
2800000
2700000
2800000
2900000
2900000
2900000
2900000
2800000
2900000
3000000
3000000
3000000
2900000
3000000
3000000
3100000
3100000
3000000
3100000
3200000
3100000
3200000
3200000
3100000
3300000
3300000
3200000
3300000
3200000
3400000
3400000
3300000
3400000
3300000
3500000
3500000
3400000
3500000
3400000
3600000
3500000
3600000
3600000
3500000
3700000
3800000
3600000
3900000
3700000
4000000
3800000
4100000
3900000
4200000
4000000
4300000
4100000
4400000
4200000
4500000
4300000
4600000
4400000
4700000
4500000
4800000
4600000
4900000
4700000
5000000
4800000
5100000
4900000
5200000
5000000
5300000
5100000
5400000
5200000
5500000
5300000
5600000
5400000
5700000
5500000
5800000
5600000
5900000
5700000
6000000
5800000
6100000
5900000
6200000
6000000
6300000
6100000
6200000
6400000
6300000
6500000
6400000
6600000
6700000
6500000
6800000
6600000
6900000
6700000
7000000
6800000
7100000
6900000
7200000
7000000
7300000
7100000
7200000
7400000
100000
100000
100000
100000
100000
100000
100000
100000
100000
100000
7300000
7500000
200000
200000
200000
200000
200000
200000
200000
200000
200000
200000
300000
300000
300000
7600000
300000
300000
300000
300000
7400000
300000
300000
300000
100000
100000
100000
100000
100000
100000
100000
100000
100000
100000
200000
200000
200000
200000
200000
200000
200000
200000
200000
200000
300000
300000
300000
300000
300000
300000
300000
300000
300000
300000
400000
400000
400000
400000
400000
400000
400000
400000
400000
400000
500000
500000
500000
500000
500000
500000
500000
500000
500000
500000
600000
600000
600000
600000
600000
600000
600000
600000
600000
600000
700000
700000
700000
700000
700000
700000
700000
700000
700000
700000
800000
800000
800000
800000
800000
800000
800000
800000
800000
800000
900000
900000
900000
900000
900000
900000
900000
900000
900000
900000
1000000
1000000
1000000
1000000
1000000
1000000
1000000
1000000
1000000
1000000
1100000
1100000
1100000
1100000
1100000
1100000
1100000
1100000
1100000
1100000
1200000
1200000
1200000
1200000
1200000
1200000
1200000
1200000
1200000
1200000
1300000
1300000
1300000
1300000
1300000
1300000
1300000
1300000
1300000
1300000
1400000
1400000
1400000
1400000
1400000
1400000
1400000
1400000
1400000
1400000
1500000
1500000
1500000
1500000
1500000
1500000
1500000
1500000
1500000
1500000
1600000
1600000
1600000
1600000
1600000
1600000
1600000
1600000
1700000
1600000
1600000
1700000
1700000
1700000
1700000
1700000
1700000
1700000
1700000
1700000
100000
100000
100000
100000
100000
100000
100000
100000
100000
100000
100000
100000
100000
100000
100000
100000
100000
100000
100000
100000
100000
100000
100000
100000
100000
100000
100000
100000
100000
100000
200000
200000
200000
200000
200000
200000
200000
200000
200000
200000
200000
200000
200000
200000
200000
200000
200000
200000
200000
200000
200000
200000
300000
200000
200000
200000
200000
200000
200000
200000
200000
300000
300000
300000
300000
300000
300000
300000
300000
300000
400000
300000
300000
300000
300000
300000
300000
300000
300000
400000
300000
300000
300000
300000
400000
300000
300000
300000
400000
300000
300000
300000
400000
400000
300000
300000
400000
400000
400000
500000
400000
400000
400000
400000
400000
500000
400000
400000
500000
400000
400000
400000
400000
500000
400000
400000
400000
400000
400000
500000
500000
500000
500000
400000
500000
500000
600000
500000
400000
400000
600000
500000
500000
500000
400000
400000
500000
500000
600000
500000
500000
500000
500000
600000
500000
500000
600000
500000
600000
600000
500000
700000
600000
500000
500000
600000
600000
500000
500000
500000
600000
700000
600000
600000
500000
600000
600000
600000
600000
600000
600000
600000
600000
600000
700000
600000
700000
600000
700000
700000
600000
600000
800000
700000
700000
600000
600000
800000
700000
600000
700000
700000
700000
700000
600000
700000
700000
700000
700000
700000
700000
800000
800000
800000
700000
800000
700000
700000
800000
700000
800000
900000
900000
700000
700000
800000
800000
800000
800000
800000
800000
800000
800000
800000
800000
900000
900000
900000
900000
800000
900000
900000
800000
800000
900000
1000000
900000
800000
1000000
900000
1000000
900000
900000
1000000
1000000
1000000
1000000
900000
900000
1000000
1100000
900000
1000000
1000000
1100000
1000000
1100000
1100000
1000000
1100000
1100000
1100000
1200000
1000000
1100000
1000000
1100000
1100000
1100000
1200000
1000000
1200000
1200000
1100000
1200000
1200000
1100000
1200000
1200000
1100000
1300000
1200000
1200000
1200000
1300000
1300000
1300000
1300000
1300000
1100000
1200000
1300000
1200000
1300000
1200000
1400000
1300000
1400000
1300000
1300000
1200000
1400000
1400000
1400000
1300000
1400000
1300000
1400000
1400000
1500000
1400000
1500000
1400000
1300000
1500000
1400000
1500000
1400000
1500000
1500000
1500000
1500000
1500000
1400000
1500000
1600000
1600000
1600000
1500000
1600000
1600000
1600000
1600000
1600000
1500000
1600000
1700000
1700000
1600000
1700000
1700000
1700000
1700000
1700000
1700000
1700000
1700000
